<?xml version="1.0" encoding="UTF-8"?>
<!-- Generated by org.testng.reporters.JUnitReportReporter -->
<testsuite hostname="SUBHASH" failures="0" tests="20" name="Runner.TestRunner" time="11.130" errors="0" timestamp="2026-04-22T08:57:54 IST" skipped="0">
  <testcase classname="Runner.TestRunner" name="runScenario" time="0.447"/>
  <testcase classname="Runner.TestRunner" name="runScenario" time="0.411"/>
  <testcase classname="Runner.TestRunner" name="runScenario" time="0.398"/>
  <testcase classname="Runner.TestRunner" name="runScenario" time="3.060"/>
  <testcase classname="Runner.TestRunner" name="runScenario" time="0.410"/>
  <testcase classname="Runner.TestRunner" name="runScenario" time="0.399"/>
  <testcase classname="Runner.TestRunner" name="runScenario" time="0.364"/>
  <testcase classname="Runner.TestRunner" name="runScenario" time="0.408"/>
  <testcase classname="Runner.TestRunner" name="runScenario" time="0.507"/>
  <testcase classname="Runner.TestRunner" name="runScenario" time="0.449"/>
  <testcase classname="Runner.TestRunner" name="runScenario" time="0.511"/>
  <testcase classname="Runner.TestRunner" name="runScenario" time="0.402"/>
  <testcase classname="Runner.TestRunner" name="runScenario" time="0.409"/>
  <testcase classname="Runner.TestRunner" name="runScenario" time="0.407"/>
  <testcase classname="Runner.TestRunner" name="runScenario" time="0.411"/>
  <testcase classname="Runner.TestRunner" name="runScenario" time="0.399"/>
  <testcase classname="Runner.TestRunner" name="runScenario" time="0.512"/>
  <testcase classname="Runner.TestRunner" name="runScenario" time="0.411"/>
  <testcase classname="Runner.TestRunner" name="runScenario" time="0.409"/>
  <testcase classname="Runner.TestRunner" name="runScenario" time="0.406"/>
</testsuite> <!-- Runner.TestRunner -->
