<?xml version="1.0" encoding="UTF-8"?>
<testng-results ignored="0" total="16" passed="14" failed="2" skipped="0">
  <reporter-output>
  </reporter-output>
  <suite started-at="2026-04-22T09:26:36 IST" name="Default suite" finished-at="2026-04-22T09:26:47 IST" duration-ms="10996">
    <groups>
      <group name="cucumber">
        <method signature="AbstractTestNGCucumberTests.runScenario(io.cucumber.testng.PickleWrapper,io.cucumber.testng.FeatureWrapper)[pri:0, instance:Runner.TestRunner@74235045]" name="runScenario" class="io.cucumber.testng.AbstractTestNGCucumberTests"/>
      </group> <!-- cucumber -->
    </groups>
    <test started-at="2026-04-22T09:26:36 IST" name="Default test" finished-at="2026-04-22T09:26:47 IST" duration-ms="10996">
      <class name="Runner.TestRunner">
        <test-method is-config="true" signature="setUpClass(org.testng.ITestContext)[pri:0, instance:Runner.TestRunner@74235045]" started-at="2026-04-22T09:26:36 IST" name="setUpClass" finished-at="2026-04-22T09:26:37 IST" duration-ms="741" status="PASS">
          <params>
            <param index="0">
              <value>
                <![CDATA[org.testng.TestRunner@4f402027]]>
              </value>
            </param>
          </params>
          <reporter-output>
          </reporter-output>
        </test-method> <!-- setUpClass -->
        <test-method signature="runScenario(io.cucumber.testng.PickleWrapper,io.cucumber.testng.FeatureWrapper)[pri:0, instance:Runner.TestRunner@74235045]" started-at="2026-04-22T09:26:37 IST" name="runScenario" description="Runs Cucumber Scenarios" data-provider="scenarios" finished-at="2026-04-22T09:26:40 IST" duration-ms="3352" status="PASS">
          <params>
            <param index="0">
              <value>
                <![CDATA["Validate POST Carts API"]]>
              </value>
            </param>
            <param index="1">
              <value>
                <![CDATA["Carts API Automation"]]>
              </value>
            </param>
          </params>
          <reporter-output>
          </reporter-output>
        </test-method> <!-- runScenario -->
        <test-method signature="runScenario(io.cucumber.testng.PickleWrapper,io.cucumber.testng.FeatureWrapper)[pri:0, instance:Runner.TestRunner@74235045]" started-at="2026-04-22T09:26:40 IST" name="runScenario" description="Runs Cucumber Scenarios" data-provider="scenarios" finished-at="2026-04-22T09:26:40 IST" duration-ms="481" status="PASS">
          <params>
            <param index="0">
              <value>
                <![CDATA["Validate POST Carts API"]]>
              </value>
            </param>
            <param index="1">
              <value>
                <![CDATA["Carts API Automation"]]>
              </value>
            </param>
          </params>
          <reporter-output>
          </reporter-output>
        </test-method> <!-- runScenario -->
        <test-method signature="runScenario(io.cucumber.testng.PickleWrapper,io.cucumber.testng.FeatureWrapper)[pri:0, instance:Runner.TestRunner@74235045]" started-at="2026-04-22T09:26:41 IST" name="runScenario" description="Runs Cucumber Scenarios" data-provider="scenarios" finished-at="2026-04-22T09:26:41 IST" duration-ms="455" status="PASS">
          <params>
            <param index="0">
              <value>
                <![CDATA["Validate POST Carts API"]]>
              </value>
            </param>
            <param index="1">
              <value>
                <![CDATA["Carts API Automation"]]>
              </value>
            </param>
          </params>
          <reporter-output>
          </reporter-output>
        </test-method> <!-- runScenario -->
        <test-method signature="runScenario(io.cucumber.testng.PickleWrapper,io.cucumber.testng.FeatureWrapper)[pri:0, instance:Runner.TestRunner@74235045]" started-at="2026-04-22T09:26:41 IST" name="runScenario" description="Runs Cucumber Scenarios" data-provider="scenarios" finished-at="2026-04-22T09:26:41 IST" duration-ms="447" status="PASS">
          <params>
            <param index="0">
              <value>
                <![CDATA["Validate POST Carts API"]]>
              </value>
            </param>
            <param index="1">
              <value>
                <![CDATA["Carts API Automation"]]>
              </value>
            </param>
          </params>
          <reporter-output>
          </reporter-output>
        </test-method> <!-- runScenario -->
        <test-method signature="runScenario(io.cucumber.testng.PickleWrapper,io.cucumber.testng.FeatureWrapper)[pri:0, instance:Runner.TestRunner@74235045]" started-at="2026-04-22T09:26:41 IST" name="runScenario" description="Runs Cucumber Scenarios" data-provider="scenarios" finished-at="2026-04-22T09:26:42 IST" duration-ms="380" status="PASS">
          <params>
            <param index="0">
              <value>
                <![CDATA["Validate GET Carts APIs"]]>
              </value>
            </param>
            <param index="1">
              <value>
                <![CDATA["Carts API Automation"]]>
              </value>
            </param>
          </params>
          <reporter-output>
          </reporter-output>
        </test-method> <!-- runScenario -->
        <test-method signature="runScenario(io.cucumber.testng.PickleWrapper,io.cucumber.testng.FeatureWrapper)[pri:0, instance:Runner.TestRunner@74235045]" started-at="2026-04-22T09:26:42 IST" name="runScenario" description="Runs Cucumber Scenarios" data-provider="scenarios" finished-at="2026-04-22T09:26:42 IST" duration-ms="354" status="PASS">
          <params>
            <param index="0">
              <value>
                <![CDATA["Validate GET Carts APIs"]]>
              </value>
            </param>
            <param index="1">
              <value>
                <![CDATA["Carts API Automation"]]>
              </value>
            </param>
          </params>
          <reporter-output>
          </reporter-output>
        </test-method> <!-- runScenario -->
        <test-method signature="runScenario(io.cucumber.testng.PickleWrapper,io.cucumber.testng.FeatureWrapper)[pri:0, instance:Runner.TestRunner@74235045]" started-at="2026-04-22T09:26:42 IST" name="runScenario" description="Runs Cucumber Scenarios" data-provider="scenarios" finished-at="2026-04-22T09:26:42 IST" duration-ms="341" status="PASS">
          <params>
            <param index="0">
              <value>
                <![CDATA["Validate GET Carts APIs"]]>
              </value>
            </param>
            <param index="1">
              <value>
                <![CDATA["Carts API Automation"]]>
              </value>
            </param>
          </params>
          <reporter-output>
          </reporter-output>
        </test-method> <!-- runScenario -->
        <test-method signature="runScenario(io.cucumber.testng.PickleWrapper,io.cucumber.testng.FeatureWrapper)[pri:0, instance:Runner.TestRunner@74235045]" started-at="2026-04-22T09:26:42 IST" name="runScenario" description="Runs Cucumber Scenarios" data-provider="scenarios" finished-at="2026-04-22T09:26:43 IST" duration-ms="566" status="FAIL">
          <params>
            <param index="0">
              <value>
                <![CDATA["Validate GET Carts APIs"]]>
              </value>
            </param>
            <param index="1">
              <value>
                <![CDATA["Carts API Automation"]]>
              </value>
            </param>
          </params>
          <exception class="java.lang.AssertionError">
            <message>
              <![CDATA[expected [404] but found [200]]]>
            </message>
            <full-stacktrace>
              <![CDATA[java.lang.AssertionError: expected [404] but found [200]
at org.testng.Assert.fail(Assert.java:111)
at org.testng.Assert.failNotEquals(Assert.java:1578)
at org.testng.Assert.assertEqualsImpl(Assert.java:150)
at org.testng.Assert.assertEquals(Assert.java:132)
at org.testng.Assert.assertEquals(Assert.java:1419)
at org.testng.Assert.assertEquals(Assert.java:1383)
at org.testng.Assert.assertEquals(Assert.java:1429)
at stepdefinitions.CartStepDefinition.validateStatus(CartStepDefinition.java:94)
at ✽.I validate carts status "404"(classpath:features/cart.feature:20)
]]>
            </full-stacktrace>
          </exception> <!-- java.lang.AssertionError -->
          <reporter-output>
          </reporter-output>
        </test-method> <!-- runScenario -->
        <test-method signature="runScenario(io.cucumber.testng.PickleWrapper,io.cucumber.testng.FeatureWrapper)[pri:0, instance:Runner.TestRunner@74235045]" started-at="2026-04-22T09:26:43 IST" name="runScenario" description="Runs Cucumber Scenarios" data-provider="scenarios" finished-at="2026-04-22T09:26:44 IST" duration-ms="1109" status="PASS">
          <params>
            <param index="0">
              <value>
                <![CDATA["Validate UPDATE Carts API"]]>
              </value>
            </param>
            <param index="1">
              <value>
                <![CDATA["Carts API Automation"]]>
              </value>
            </param>
          </params>
          <reporter-output>
          </reporter-output>
        </test-method> <!-- runScenario -->
        <test-method signature="runScenario(io.cucumber.testng.PickleWrapper,io.cucumber.testng.FeatureWrapper)[pri:0, instance:Runner.TestRunner@74235045]" started-at="2026-04-22T09:26:44 IST" name="runScenario" description="Runs Cucumber Scenarios" data-provider="scenarios" finished-at="2026-04-22T09:26:45 IST" duration-ms="398" status="PASS">
          <params>
            <param index="0">
              <value>
                <![CDATA["Validate UPDATE Carts API"]]>
              </value>
            </param>
            <param index="1">
              <value>
                <![CDATA["Carts API Automation"]]>
              </value>
            </param>
          </params>
          <reporter-output>
          </reporter-output>
        </test-method> <!-- runScenario -->
        <test-method signature="runScenario(io.cucumber.testng.PickleWrapper,io.cucumber.testng.FeatureWrapper)[pri:0, instance:Runner.TestRunner@74235045]" started-at="2026-04-22T09:26:45 IST" name="runScenario" description="Runs Cucumber Scenarios" data-provider="scenarios" finished-at="2026-04-22T09:26:45 IST" duration-ms="431" status="PASS">
          <params>
            <param index="0">
              <value>
                <![CDATA["Validate UPDATE Carts API"]]>
              </value>
            </param>
            <param index="1">
              <value>
                <![CDATA["Carts API Automation"]]>
              </value>
            </param>
          </params>
          <reporter-output>
          </reporter-output>
        </test-method> <!-- runScenario -->
        <test-method signature="runScenario(io.cucumber.testng.PickleWrapper,io.cucumber.testng.FeatureWrapper)[pri:0, instance:Runner.TestRunner@74235045]" started-at="2026-04-22T09:26:45 IST" name="runScenario" description="Runs Cucumber Scenarios" data-provider="scenarios" finished-at="2026-04-22T09:26:45 IST" duration-ms="403" status="FAIL">
          <params>
            <param index="0">
              <value>
                <![CDATA["Validate UPDATE Carts API"]]>
              </value>
            </param>
            <param index="1">
              <value>
                <![CDATA["Carts API Automation"]]>
              </value>
            </param>
          </params>
          <exception class="java.lang.AssertionError">
            <message>
              <![CDATA[FAILED → Expected: 400 but got: 200 expected [400] but found [200]]]>
            </message>
            <full-stacktrace>
              <![CDATA[java.lang.AssertionError: FAILED → Expected: 400 but got: 200 expected [400] but found [200]
at org.testng.Assert.fail(Assert.java:111)
at org.testng.Assert.failNotEquals(Assert.java:1578)
at org.testng.Assert.assertEqualsImpl(Assert.java:150)
at org.testng.Assert.assertEquals(Assert.java:132)
at org.testng.Assert.assertEquals(Assert.java:1419)
at org.testng.Assert.assertEquals(Assert.java:1383)
at stepdefinitions.CartStepDefinition.validateResult(CartStepDefinition.java:66)
at ✽.I validate carts expected result(classpath:features/cart.feature:33)
]]>
            </full-stacktrace>
          </exception> <!-- java.lang.AssertionError -->
          <reporter-output>
          </reporter-output>
        </test-method> <!-- runScenario -->
        <test-method signature="runScenario(io.cucumber.testng.PickleWrapper,io.cucumber.testng.FeatureWrapper)[pri:0, instance:Runner.TestRunner@74235045]" started-at="2026-04-22T09:26:45 IST" name="runScenario" description="Runs Cucumber Scenarios" data-provider="scenarios" finished-at="2026-04-22T09:26:46 IST" duration-ms="344" status="PASS">
          <params>
            <param index="0">
              <value>
                <![CDATA["Delete Cart - Valid ID"]]>
              </value>
            </param>
            <param index="1">
              <value>
                <![CDATA["Carts API Automation"]]>
              </value>
            </param>
          </params>
          <reporter-output>
          </reporter-output>
        </test-method> <!-- runScenario -->
        <test-method signature="runScenario(io.cucumber.testng.PickleWrapper,io.cucumber.testng.FeatureWrapper)[pri:0, instance:Runner.TestRunner@74235045]" started-at="2026-04-22T09:26:46 IST" name="runScenario" description="Runs Cucumber Scenarios" data-provider="scenarios" finished-at="2026-04-22T09:26:46 IST" duration-ms="339" status="PASS">
          <params>
            <param index="0">
              <value>
                <![CDATA["Delete Cart - Invalid ID"]]>
              </value>
            </param>
            <param index="1">
              <value>
                <![CDATA["Carts API Automation"]]>
              </value>
            </param>
          </params>
          <reporter-output>
          </reporter-output>
        </test-method> <!-- runScenario -->
        <test-method signature="runScenario(io.cucumber.testng.PickleWrapper,io.cucumber.testng.FeatureWrapper)[pri:0, instance:Runner.TestRunner@74235045]" started-at="2026-04-22T09:26:46 IST" name="runScenario" description="Runs Cucumber Scenarios" data-provider="scenarios" finished-at="2026-04-22T09:26:46 IST" duration-ms="331" status="PASS">
          <params>
            <param index="0">
              <value>
                <![CDATA["Delete Cart - Invalid format"]]>
              </value>
            </param>
            <param index="1">
              <value>
                <![CDATA["Carts API Automation"]]>
              </value>
            </param>
          </params>
          <reporter-output>
          </reporter-output>
        </test-method> <!-- runScenario -->
        <test-method signature="runScenario(io.cucumber.testng.PickleWrapper,io.cucumber.testng.FeatureWrapper)[pri:0, instance:Runner.TestRunner@74235045]" started-at="2026-04-22T09:26:46 IST" name="runScenario" description="Runs Cucumber Scenarios" data-provider="scenarios" finished-at="2026-04-22T09:26:47 IST" duration-ms="368" status="PASS">
          <params>
            <param index="0">
              <value>
                <![CDATA["Delete Cart - Another valid ID"]]>
              </value>
            </param>
            <param index="1">
              <value>
                <![CDATA["Carts API Automation"]]>
              </value>
            </param>
          </params>
          <reporter-output>
          </reporter-output>
        </test-method> <!-- runScenario -->
        <test-method is-config="true" signature="tearDownClass()[pri:0, instance:Runner.TestRunner@74235045]" started-at="2026-04-22T09:26:47 IST" name="tearDownClass" finished-at="2026-04-22T09:26:47 IST" duration-ms="32" status="PASS">
          <reporter-output>
          </reporter-output>
        </test-method> <!-- tearDownClass -->
      </class> <!-- Runner.TestRunner -->
    </test> <!-- Default test -->
  </suite> <!-- Default suite -->
</testng-results>
